<?xml version="1.0" encoding="UTF-8"?>
<!-- Generated by org.testng.reporters.JUnitReportReporter -->
<testsuite skipped="0" hostname="CBT-MH-000" name="RestAssured.APIautomation.weathertweet" tests="1" failures="0" timestamp="30 Oct 2019 10:16:26 GMT" time="4.255" errors="0">
  <testcase name="start" time="4.255" classname="RestAssured.APIautomation.weathertweet"/>
</testsuite> <!-- RestAssured.APIautomation.weathertweet -->
