<?xml version="1.0" encoding="UTF-8"?>
<!-- Generated by org.testng.reporters.JUnitReportReporter -->
<testsuite skipped="0" hostname="CBT-MH-000" name="RestAssured.APIautomation.posttweet" tests="1" failures="0" timestamp="30 Oct 2019 10:13:53 GMT" time="6.239" errors="0">
  <testcase name="start" time="6.239" classname="RestAssured.APIautomation.posttweet"/>
</testsuite> <!-- RestAssured.APIautomation.posttweet -->
