<?xml version="1.0" encoding="UTF-8"?>
<!-- Generated by org.testng.reporters.JUnitReportReporter -->
<testsuite skipped="0" hostname="CBT-MH-000" name="RestAssured.APIautomation.searchtweet" tests="1" failures="0" timestamp="30 Oct 2019 10:14:32 GMT" time="3.436" errors="0">
  <testcase name="start" time="3.436" classname="RestAssured.APIautomation.searchtweet"/>
</testsuite> <!-- RestAssured.APIautomation.searchtweet -->
