<?xml version="1.0" encoding="UTF-8"?>
<!-- Generated by org.testng.reporters.JUnitReportReporter -->
<testsuite skipped="0" hostname="CBT-MH-000" name="RestAssured.APIautomation.blocktweet" tests="1" failures="0" timestamp="30 Oct 2019 10:18:05 GMT" time="5.215" errors="0">
  <testcase name="start" time="5.215" classname="RestAssured.APIautomation.blocktweet"/>
</testsuite> <!-- RestAssured.APIautomation.blocktweet -->
