<?xml version="1.0" encoding="UTF-8"?>
<!-- Generated by org.testng.reporters.JUnitReportReporter -->
<testsuite skipped="0" hostname="CBT-MH-000" name="RestAssured.APIautomation.fortweets" tests="1" failures="0" timestamp="30 Oct 2019 10:17:19 GMT" time="6.840" errors="0">
  <testcase name="start" time="6.840" classname="RestAssured.APIautomation.fortweets"/>
</testsuite> <!-- RestAssured.APIautomation.fortweets -->
